c:\users\spagh\desktop\brain rot\c++\microcontrollersynth\microcon.265ce554\x64\debug\vc143.pdb
c:\users\spagh\desktop\brain rot\c++\microcontrollersynth\microcon.265ce554\x64\debug\vc143.idb
c:\users\spagh\desktop\brain rot\c++\microcontrollersynth\microcon.265ce554\x64\debug\sound_engine.obj
c:\users\spagh\desktop\brain rot\c++\microcontrollersynth\microcon.265ce554\x64\debug\standalone.obj
c:\users\spagh\desktop\brain rot\c++\microcontrollersynth\microcon.265ce554\x64\debug\microcontrollersynth.ilk
c:\users\spagh\desktop\brain rot\c++\microcontrollersynth\microcon.265ce554\x64\debug\audio_output.obj
c:\users\spagh\desktop\brain rot\c++\microcontrollersynth\x64\debug\microcontrollersynth.pdb
c:\users\spagh\desktop\brain rot\c++\microcontrollersynth\microcon.265ce554\x64\debug\microcon.265ce554.tlog\cl.command.1.tlog
c:\users\spagh\desktop\brain rot\c++\microcontrollersynth\microcon.265ce554\x64\debug\microcon.265ce554.tlog\cl.items.tlog
c:\users\spagh\desktop\brain rot\c++\microcontrollersynth\microcon.265ce554\x64\debug\microcon.265ce554.tlog\cl.read.1.tlog
c:\users\spagh\desktop\brain rot\c++\microcontrollersynth\microcon.265ce554\x64\debug\microcon.265ce554.tlog\cl.write.1.tlog
c:\users\spagh\desktop\brain rot\c++\microcontrollersynth\microcon.265ce554\x64\debug\microcon.265ce554.tlog\link-cvtres.read.1.tlog
c:\users\spagh\desktop\brain rot\c++\microcontrollersynth\microcon.265ce554\x64\debug\microcon.265ce554.tlog\link-cvtres.write.1.tlog
c:\users\spagh\desktop\brain rot\c++\microcontrollersynth\microcon.265ce554\x64\debug\microcon.265ce554.tlog\link-rc.read.1.tlog
c:\users\spagh\desktop\brain rot\c++\microcontrollersynth\microcon.265ce554\x64\debug\microcon.265ce554.tlog\link-rc.write.1.tlog
c:\users\spagh\desktop\brain rot\c++\microcontrollersynth\microcon.265ce554\x64\debug\microcon.265ce554.tlog\link.16036-cvtres.read.1.tlog
c:\users\spagh\desktop\brain rot\c++\microcontrollersynth\microcon.265ce554\x64\debug\microcon.265ce554.tlog\link.16036-cvtres.write.1.tlog
c:\users\spagh\desktop\brain rot\c++\microcontrollersynth\microcon.265ce554\x64\debug\microcon.265ce554.tlog\link.16036-rc.read.1.tlog
c:\users\spagh\desktop\brain rot\c++\microcontrollersynth\microcon.265ce554\x64\debug\microcon.265ce554.tlog\link.16036-rc.write.1.tlog
c:\users\spagh\desktop\brain rot\c++\microcontrollersynth\microcon.265ce554\x64\debug\microcon.265ce554.tlog\link.16036.read.1.tlog
c:\users\spagh\desktop\brain rot\c++\microcontrollersynth\microcon.265ce554\x64\debug\microcon.265ce554.tlog\link.16036.read.2.tlog
c:\users\spagh\desktop\brain rot\c++\microcontrollersynth\microcon.265ce554\x64\debug\microcon.265ce554.tlog\link.16036.write.1.tlog
c:\users\spagh\desktop\brain rot\c++\microcontrollersynth\microcon.265ce554\x64\debug\microcon.265ce554.tlog\link.command.1.tlog
c:\users\spagh\desktop\brain rot\c++\microcontrollersynth\microcon.265ce554\x64\debug\microcon.265ce554.tlog\link.read.1.tlog
c:\users\spagh\desktop\brain rot\c++\microcontrollersynth\microcon.265ce554\x64\debug\microcon.265ce554.tlog\link.read.2.tlog
c:\users\spagh\desktop\brain rot\c++\microcontrollersynth\microcon.265ce554\x64\debug\microcon.265ce554.tlog\link.secondary.1.tlog
c:\users\spagh\desktop\brain rot\c++\microcontrollersynth\microcon.265ce554\x64\debug\microcon.265ce554.tlog\link.write.1.tlog
